<?xml version="1.0" encoding="UTF-8"?>
<testng-results skipped="1" failed="0" total="1" passed="0">
  <reporter-output>
  </reporter-output>
  <suite name="Default suite" duration-ms="90" started-at="2020-02-14T04:28:57Z" finished-at="2020-02-14T04:28:57Z">
    <groups>
    </groups>
    <test name="Default test" duration-ms="90" started-at="2020-02-14T04:28:57Z" finished-at="2020-02-14T04:28:57Z">
      <class name="ExtentReport.NoCommerceTest">
        <test-method status="FAIL" signature="setExtent()[pri:0, instance:ExtentReport.NoCommerceTest@4f787b]" name="setExtent" is-config="true" duration-ms="0" started-at="2020-02-13T23:28:57Z" finished-at="2020-02-13T23:28:57Z">
          <exception class="java.lang.NullPointerException">
            <full-stacktrace>
              <![CDATA[java.lang.NullPointerException
	at ExtentReport.NoCommerceTest.setExtent(NoCommerceTest.java:38)
	at sun.reflect.NativeMethodAccessorImpl.invoke0(Native Method)
	at sun.reflect.NativeMethodAccessorImpl.invoke(Unknown Source)
	at sun.reflect.DelegatingMethodAccessorImpl.invoke(Unknown Source)
	at java.lang.reflect.Method.invoke(Unknown Source)
	at org.testng.internal.MethodInvocationHelper.invokeMethod(MethodInvocationHelper.java:80)
	at org.testng.internal.Invoker.invokeConfigurationMethod(Invoker.java:564)
	at org.testng.internal.Invoker.invokeConfigurations(Invoker.java:213)
	at org.testng.internal.Invoker.invokeConfigurations(Invoker.java:138)
	at org.testng.TestRunner.beforeRun(TestRunner.java:641)
	at org.testng.TestRunner.run(TestRunner.java:609)
	at org.testng.SuiteRunner.runTest(SuiteRunner.java:334)
	at org.testng.SuiteRunner.runSequentially(SuiteRunner.java:329)
	at org.testng.SuiteRunner.privateRun(SuiteRunner.java:291)
	at org.testng.SuiteRunner.run(SuiteRunner.java:240)
	at org.testng.SuiteRunnerWorker.runSuite(SuiteRunnerWorker.java:51)
	at org.testng.SuiteRunnerWorker.run(SuiteRunnerWorker.java:85)
	at org.testng.TestNG.runSuitesSequentially(TestNG.java:1197)
	at org.testng.TestNG.runSuitesLocally(TestNG.java:1122)
	at org.testng.TestNG.run(TestNG.java:1030)
	at org.testng.remote.AbstractRemoteTestNG.run(AbstractRemoteTestNG.java:115)
	at org.testng.remote.RemoteTestNG.initAndRun(RemoteTestNG.java:251)
	at org.testng.remote.RemoteTestNG.main(RemoteTestNG.java:77)
]]>
            </full-stacktrace>
          </exception> <!-- java.lang.NullPointerException -->
          <reporter-output>
          </reporter-output>
        </test-method> <!-- setExtent -->
        <test-method status="SKIP" signature="setup()[pri:0, instance:ExtentReport.NoCommerceTest@4f787b]" name="setup" is-config="true" duration-ms="0" started-at="2020-02-13T23:28:57Z" finished-at="2020-02-13T23:28:57Z">
          <reporter-output>
          </reporter-output>
        </test-method> <!-- setup -->
        <test-method status="SKIP" signature="nocommerceTitleTest()[pri:0, instance:ExtentReport.NoCommerceTest@4f787b]" name="nocommerceTitleTest" duration-ms="1" started-at="2020-02-13T23:28:57Z" finished-at="2020-02-13T23:28:57Z">
          <reporter-output>
          </reporter-output>
        </test-method> <!-- nocommerceTitleTest -->
        <test-method status="SKIP" signature="tearDown()[pri:0, instance:ExtentReport.NoCommerceTest@4f787b]" name="tearDown" is-config="true" duration-ms="0" started-at="2020-02-13T23:28:57Z" finished-at="2020-02-13T23:28:57Z">
          <reporter-output>
          </reporter-output>
        </test-method> <!-- tearDown -->
        <test-method status="SKIP" signature="endReport()[pri:0, instance:ExtentReport.NoCommerceTest@4f787b]" name="endReport" is-config="true" duration-ms="0" started-at="2020-02-13T23:28:57Z" finished-at="2020-02-13T23:28:57Z">
          <reporter-output>
          </reporter-output>
        </test-method> <!-- endReport -->
      </class> <!-- ExtentReport.NoCommerceTest -->
    </test> <!-- Default test -->
  </suite> <!-- Default suite -->
</testng-results>
